[debug] [2026-03-24T17:08:50.649Z] ----------------------------------------------------------------------
[debug] [2026-03-24T17:08:50.722Z] Command:       /opt/homebrew/Cellar/node/23.10.0_1/bin/node /opt/homebrew/bin/firebase deploy --only functions:createCustomToken
[debug] [2026-03-24T17:08:50.722Z] CLI Version:   13.35.1
[debug] [2026-03-24T17:08:50.722Z] Platform:      darwin
[debug] [2026-03-24T17:08:50.722Z] Node Version:  v23.10.0
[debug] [2026-03-24T17:08:50.723Z] Time:          Wed Mar 25 2026 02:08:50 GMT+0900 (Korean Standard Time)
[debug] [2026-03-24T17:08:50.723Z] ----------------------------------------------------------------------
[debug] 
[debug] [2026-03-24T17:08:51.715Z] > command requires scopes: ["email","openid","https://www.googleapis.com/auth/cloudplatformprojects.readonly","https://www.googleapis.com/auth/firebase","https://www.googleapis.com/auth/cloud-platform"]
[debug] [2026-03-24T17:08:51.716Z] > authorizing via signed-in user (pobredward@gmail.com)
[debug] [2026-03-24T17:08:51.716Z] [iam] checking project smis-mentor for permissions ["cloudfunctions.functions.create","cloudfunctions.functions.delete","cloudfunctions.functions.get","cloudfunctions.functions.list","cloudfunctions.functions.update","cloudfunctions.operations.get","firebase.projects.get"]
[debug] [2026-03-24T17:08:51.723Z] Checked if tokens are valid: true, expires at: 1774375655893
[debug] [2026-03-24T17:08:51.723Z] Checked if tokens are valid: true, expires at: 1774375655893
[debug] [2026-03-24T17:08:51.724Z] >>> [apiv2][query] POST https://cloudresourcemanager.googleapis.com/v1/projects/smis-mentor:testIamPermissions [none]
[debug] [2026-03-24T17:08:51.724Z] >>> [apiv2][(partial)header] POST https://cloudresourcemanager.googleapis.com/v1/projects/smis-mentor:testIamPermissions x-goog-quota-user=projects/smis-mentor
[debug] [2026-03-24T17:08:51.724Z] >>> [apiv2][body] POST https://cloudresourcemanager.googleapis.com/v1/projects/smis-mentor:testIamPermissions {"permissions":["cloudfunctions.functions.create","cloudfunctions.functions.delete","cloudfunctions.functions.get","cloudfunctions.functions.list","cloudfunctions.functions.update","cloudfunctions.operations.get","firebase.projects.get"]}
[debug] [2026-03-24T17:08:52.326Z] <<< [apiv2][status] POST https://cloudresourcemanager.googleapis.com/v1/projects/smis-mentor:testIamPermissions 200
[debug] [2026-03-24T17:08:52.326Z] <<< [apiv2][body] POST https://cloudresourcemanager.googleapis.com/v1/projects/smis-mentor:testIamPermissions {"permissions":["cloudfunctions.functions.create","cloudfunctions.functions.delete","cloudfunctions.functions.get","cloudfunctions.functions.list","cloudfunctions.functions.update","cloudfunctions.operations.get","firebase.projects.get"]}
[debug] [2026-03-24T17:08:52.329Z] Checked if tokens are valid: true, expires at: 1774375655893
[debug] [2026-03-24T17:08:52.329Z] Checked if tokens are valid: true, expires at: 1774375655893
[debug] [2026-03-24T17:08:52.329Z] >>> [apiv2][query] POST https://iam.googleapis.com/v1/projects/smis-mentor/serviceAccounts/smis-mentor@appspot.gserviceaccount.com:testIamPermissions [none]
[debug] [2026-03-24T17:08:52.329Z] >>> [apiv2][body] POST https://iam.googleapis.com/v1/projects/smis-mentor/serviceAccounts/smis-mentor@appspot.gserviceaccount.com:testIamPermissions {"permissions":["iam.serviceAccounts.actAs"]}
[debug] [2026-03-24T17:08:53.804Z] <<< [apiv2][status] POST https://iam.googleapis.com/v1/projects/smis-mentor/serviceAccounts/smis-mentor@appspot.gserviceaccount.com:testIamPermissions 200
[debug] [2026-03-24T17:08:53.818Z] <<< [apiv2][body] POST https://iam.googleapis.com/v1/projects/smis-mentor/serviceAccounts/smis-mentor@appspot.gserviceaccount.com:testIamPermissions {"permissions":["iam.serviceAccounts.actAs"]}
[info] 
[info] === Deploying to 'smis-mentor'...
[info] 
[info] i  deploying functions 
[debug] [2026-03-24T17:08:53.891Z] Checked if tokens are valid: true, expires at: 1774375655893
[debug] [2026-03-24T17:08:53.892Z] Checked if tokens are valid: true, expires at: 1774375655893
[debug] [2026-03-24T17:08:53.892Z] >>> [apiv2][query] GET https://cloudresourcemanager.googleapis.com/v1/projects/smis-mentor [none]
[debug] [2026-03-24T17:08:54.112Z] <<< [apiv2][status] GET https://cloudresourcemanager.googleapis.com/v1/projects/smis-mentor 200
[debug] [2026-03-24T17:08:54.112Z] <<< [apiv2][body] GET https://cloudresourcemanager.googleapis.com/v1/projects/smis-mentor {"projectNumber":"382190683951","projectId":"smis-mentor","lifecycleState":"ACTIVE","name":"smis-mentor","labels":{"firebase":"enabled","firebase-core":"disabled"},"createTime":"2025-03-22T06:04:26.709683Z"}
[info] i  functions: preparing codebase default for deployment 
[info] i  functions: ensuring required API cloudfunctions.googleapis.com is enabled... 
[debug] [2026-03-24T17:08:54.130Z] Checked if tokens are valid: true, expires at: 1774375655893
[debug] [2026-03-24T17:08:54.132Z] Checked if tokens are valid: true, expires at: 1774375655893
[debug] [2026-03-24T17:08:54.132Z] Checked if tokens are valid: true, expires at: 1774375655893
[debug] [2026-03-24T17:08:54.133Z] Checked if tokens are valid: true, expires at: 1774375655893
[info] i  functions: ensuring required API cloudbuild.googleapis.com is enabled... 
[debug] [2026-03-24T17:08:54.134Z] Checked if tokens are valid: true, expires at: 1774375655893
[debug] [2026-03-24T17:08:54.134Z] Checked if tokens are valid: true, expires at: 1774375655893
[info] i  artifactregistry: ensuring required API artifactregistry.googleapis.com is enabled... 
[debug] [2026-03-24T17:08:54.134Z] Checked if tokens are valid: true, expires at: 1774375655893
[debug] [2026-03-24T17:08:54.134Z] Checked if tokens are valid: true, expires at: 1774375655893
[debug] [2026-03-24T17:08:54.134Z] >>> [apiv2][query] GET https://serviceusage.googleapis.com/v1/projects/smis-mentor/services/cloudfunctions.googleapis.com [none]
[debug] [2026-03-24T17:08:54.134Z] >>> [apiv2][(partial)header] GET https://serviceusage.googleapis.com/v1/projects/smis-mentor/services/cloudfunctions.googleapis.com x-goog-quota-user=projects/smis-mentor
[debug] [2026-03-24T17:08:54.135Z] >>> [apiv2][query] GET https://serviceusage.googleapis.com/v1/projects/smis-mentor/services/runtimeconfig.googleapis.com [none]
[debug] [2026-03-24T17:08:54.135Z] >>> [apiv2][(partial)header] GET https://serviceusage.googleapis.com/v1/projects/smis-mentor/services/runtimeconfig.googleapis.com x-goog-quota-user=projects/smis-mentor
[debug] [2026-03-24T17:08:54.141Z] >>> [apiv2][query] GET https://serviceusage.googleapis.com/v1/projects/smis-mentor/services/cloudbuild.googleapis.com [none]
[debug] [2026-03-24T17:08:54.141Z] >>> [apiv2][(partial)header] GET https://serviceusage.googleapis.com/v1/projects/smis-mentor/services/cloudbuild.googleapis.com x-goog-quota-user=projects/smis-mentor
[debug] [2026-03-24T17:08:54.141Z] >>> [apiv2][query] GET https://serviceusage.googleapis.com/v1/projects/smis-mentor/services/artifactregistry.googleapis.com [none]
[debug] [2026-03-24T17:08:54.142Z] >>> [apiv2][(partial)header] GET https://serviceusage.googleapis.com/v1/projects/smis-mentor/services/artifactregistry.googleapis.com x-goog-quota-user=projects/smis-mentor
[debug] [2026-03-24T17:08:55.378Z] <<< [apiv2][status] GET https://serviceusage.googleapis.com/v1/projects/smis-mentor/services/cloudbuild.googleapis.com 200
[debug] [2026-03-24T17:08:55.379Z] <<< [apiv2][body] GET https://serviceusage.googleapis.com/v1/projects/smis-mentor/services/cloudbuild.googleapis.com [omitted]
[info] ✔  functions: required API cloudbuild.googleapis.com is enabled 
[debug] [2026-03-24T17:08:55.382Z] <<< [apiv2][status] GET https://serviceusage.googleapis.com/v1/projects/smis-mentor/services/runtimeconfig.googleapis.com 200
[debug] [2026-03-24T17:08:55.382Z] <<< [apiv2][body] GET https://serviceusage.googleapis.com/v1/projects/smis-mentor/services/runtimeconfig.googleapis.com [omitted]
[debug] [2026-03-24T17:08:55.385Z] <<< [apiv2][status] GET https://serviceusage.googleapis.com/v1/projects/smis-mentor/services/cloudfunctions.googleapis.com 200
[debug] [2026-03-24T17:08:55.385Z] <<< [apiv2][body] GET https://serviceusage.googleapis.com/v1/projects/smis-mentor/services/cloudfunctions.googleapis.com [omitted]
[info] ✔  functions: required API cloudfunctions.googleapis.com is enabled 
[debug] [2026-03-24T17:08:55.405Z] <<< [apiv2][status] GET https://serviceusage.googleapis.com/v1/projects/smis-mentor/services/artifactregistry.googleapis.com 200
[debug] [2026-03-24T17:08:55.405Z] <<< [apiv2][body] GET https://serviceusage.googleapis.com/v1/projects/smis-mentor/services/artifactregistry.googleapis.com [omitted]
[info] ✔  artifactregistry: required API artifactregistry.googleapis.com is enabled 
[debug] [2026-03-24T17:08:55.409Z] Checked if tokens are valid: true, expires at: 1774375655893
[debug] [2026-03-24T17:08:55.409Z] Checked if tokens are valid: true, expires at: 1774375655893
[debug] [2026-03-24T17:08:55.409Z] >>> [apiv2][query] GET https://firebase.googleapis.com/v1beta1/projects/smis-mentor/adminSdkConfig [none]
[debug] [2026-03-24T17:08:56.303Z] <<< [apiv2][status] GET https://firebase.googleapis.com/v1beta1/projects/smis-mentor/adminSdkConfig 200
[debug] [2026-03-24T17:08:56.303Z] <<< [apiv2][body] GET https://firebase.googleapis.com/v1beta1/projects/smis-mentor/adminSdkConfig {"projectId":"smis-mentor","storageBucket":"smis-mentor.firebasestorage.app"}
[debug] [2026-03-24T17:08:56.310Z] Checked if tokens are valid: true, expires at: 1774375655893
[debug] [2026-03-24T17:08:56.310Z] Checked if tokens are valid: true, expires at: 1774375655893
[debug] [2026-03-24T17:08:56.311Z] >>> [apiv2][query] GET https://runtimeconfig.googleapis.com/v1beta1/projects/smis-mentor/configs [none]
[debug] [2026-03-24T17:08:56.790Z] <<< [apiv2][status] GET https://runtimeconfig.googleapis.com/v1beta1/projects/smis-mentor/configs 200
[debug] [2026-03-24T17:08:56.790Z] <<< [apiv2][body] GET https://runtimeconfig.googleapis.com/v1beta1/projects/smis-mentor/configs {}
[debug] [2026-03-24T17:08:56.800Z] Validating nodejs source
[warn] ⚠  functions: Runtime Node.js 20 will be deprecated on 2026-04-30 and will be decommissioned on 2026-10-31, after which you will not be able to deploy without upgrading. Consider upgrading now to avoid disruption. See https://cloud.google.com/functions/docs/runtime-support for full details on the lifecycle policy 
[debug] [2026-03-24T17:09:07.453Z] checkFunctionsSDKVersion was unable to fetch information from NPM Error: spawnSync npm ETIMEDOUT
    at Object.spawnSync (node:internal/child_process:1120:20)
    at Object.spawnSync (node:child_process:868:24)
    at Function.spawnSync [as sync] (/opt/homebrew/lib/node_modules/firebase-tools/node_modules/cross-spawn/index.js:26:23)
    at Object.getLatestSDKVersion (/opt/homebrew/lib/node_modules/firebase-tools/lib/deploy/functions/runtimes/node/versioning.js:54:25)
    at Object.checkFunctionsSDKVersion (/opt/homebrew/lib/node_modules/firebase-tools/lib/deploy/functions/runtimes/node/versioning.js:74:32)
    at Delegate.validate (/opt/homebrew/lib/node_modules/firebase-tools/lib/deploy/functions/runtimes/node/index.js:86:20)
    at loadCodebases (/opt/homebrew/lib/node_modules/firebase-tools/lib/deploy/functions/prepare.js:318:31)
    at async prepare (/opt/homebrew/lib/node_modules/firebase-tools/lib/deploy/functions/prepare.js:59:24)
    at async chain (/opt/homebrew/lib/node_modules/firebase-tools/lib/deploy/index.js:40:9)
    at async deploy (/opt/homebrew/lib/node_modules/firebase-tools/lib/deploy/index.js:117:5)
[debug] [2026-03-24T17:09:07.858Z] > [functions] package.json contents: {
  "name": "functions",
  "version": "1.0.0",
  "private": true,
  "scripts": {
    "build": "tsc",
    "serve": "npm run build && firebase emulators:start --only functions",
    "shell": "npm run build && firebase functions:shell",
    "start": "npm run shell",
    "deploy": "firebase deploy --only functions",
    "logs": "firebase functions:log"
  },
  "engines": {
    "node": ">=20"
  },
  "main": "lib/index.js",
  "dependencies": {
    "@smis-mentor/shared": "file:../packages/shared",
    "expo-server-sdk": "^6.1.0",
    "firebase-admin": "^12.0.0",
    "firebase-functions": "^4.6.0",
    "googleapis": "^126.0.1"
  },
  "devDependencies": {
    "@types/node": "^20.11.19",
    "firebase-functions-test": "^3.1.0",
    "typescript": "^5.3.3"
  }
}
[debug] [2026-03-24T17:09:07.862Z] Building nodejs source
[info] i  functions: Loading and analyzing source code for codebase default to determine what to deploy 
[info] i  functions: You are using a version of firebase-functions SDK (4.9.0) that does not have support for the newest Firebase Extensions features. Please update firebase-functions SDK to >=5.1.0 to use them correctly 
[debug] [2026-03-24T17:09:08.025Z] Could not find functions.yaml. Must use http discovery
[debug] [2026-03-24T17:09:08.120Z] Found firebase-functions binary at '/Users/edwardshin/Desktop/dev/smis/smis-mentor/node_modules/.bin/firebase-functions'
[info] Serving at port 8235

[debug] [2026-03-24T17:09:13.161Z] Got response from /__/functions.yaml {"endpoints":{"checkOverdueTasks":{"platform":"gcfv1","availableMemoryMb":null,"timeoutSeconds":null,"minInstances":null,"maxInstances":null,"ingressSettings":null,"serviceAccountEmail":null,"vpc":null,"region":["asia-northeast3"],"scheduleTrigger":{"schedule":"every 30 minutes","retryConfig":{"retryCount":null,"maxDoublings":null,"maxRetryDuration":null,"maxBackoffDuration":null,"minBackoffDuration":null},"timeZone":"Asia/Seoul"},"labels":{},"entryPoint":"checkOverdueTasks"},"sendTestNotification":{"platform":"gcfv1","labels":{},"availableMemoryMb":null,"timeoutSeconds":null,"minInstances":null,"maxInstances":null,"ingressSettings":null,"serviceAccountEmail":null,"vpc":null,"region":["asia-northeast3"],"callableTrigger":{},"entryPoint":"sendTestNotification"},"createCustomToken":{"platform":"gcfv1","labels":{},"availableMemoryMb":null,"timeoutSeconds":null,"minInstances":null,"maxInstances":null,"ingressSettings":null,"serviceAccountEmail":null,"vpc":null,"region":["asia-northeast3"],"callableTrigger":{},"entryPoint":"createCustomToken"},"adminDeleteUser":{"availableMemoryMb":null,"timeoutSeconds":null,"minInstances":null,"maxInstances":null,"ingressSettings":null,"concurrency":null,"serviceAccountEmail":null,"vpc":null,"platform":"gcfv2","region":["asia-northeast3"],"labels":{},"callableTrigger":{},"entryPoint":"adminDeleteUser"},"verifyAuthFirestoreConsistency":{"platform":"gcfv1","labels":{},"availableMemoryMb":null,"timeoutSeconds":null,"minInstances":null,"maxInstances":null,"ingressSettings":null,"serviceAccountEmail":null,"vpc":null,"region":["asia-northeast3"],"callableTrigger":{},"entryPoint":"verifyAuthFirestoreConsistency"}},"specVersion":"v1alpha1","requiredAPIs":[{"api":"cloudscheduler.googleapis.com","reason":"Needed for scheduled functions."}]}
[info] i  functions: preparing functions directory for uploading... 
[info] i  functions: packaged /Users/edwardshin/Desktop/dev/smis/smis-mentor/functions (18 KB) for uploading 
[info] i  functions: packaged /Users/edwardshin/Desktop/dev/smis/smis-mentor/functions (18.21 KB) for uploading 
[debug] [2026-03-24T17:09:20.670Z] Checked if tokens are valid: true, expires at: 1774375655893
[debug] [2026-03-24T17:09:20.670Z] Checked if tokens are valid: true, expires at: 1774375655893
[debug] [2026-03-24T17:09:20.680Z] >>> [apiv2][query] GET https://cloudfunctions.googleapis.com/v1/projects/smis-mentor/locations/-/functions [none]
[debug] [2026-03-24T17:09:21.855Z] <<< [apiv2][status] GET https://cloudfunctions.googleapis.com/v1/projects/smis-mentor/locations/-/functions 200
[debug] [2026-03-24T17:09:21.856Z] <<< [apiv2][body] GET https://cloudfunctions.googleapis.com/v1/projects/smis-mentor/locations/-/functions {"functions":[{"name":"projects/smis-mentor/locations/asia-northeast3/functions/createCustomToken","httpsTrigger":{"url":"https://asia-northeast3-smis-mentor.cloudfunctions.net/createCustomToken","securityLevel":"SECURE_ALWAYS"},"status":"ACTIVE","entryPoint":"createCustomToken","timeout":"60s","availableMemoryMb":256,"serviceAccountEmail":"smis-mentor@appspot.gserviceaccount.com","updateTime":"2026-03-21T06:58:17.279Z","versionId":"3","labels":{"deployment-tool":"cli-firebase","deployment-callable":"true","firebase-functions-hash":"a7034951140be3901eb5889acfe7c534dbe98965"},"sourceUploadUrl":"https://storage.googleapis.com/uploads-771477438626.asia-northeast3.cloudfunctions.appspot.com/59812ee4-8f80-4da8-93d6-bf58c657edac.zip","environmentVariables":{"FIREBASE_CONFIG":"{\"projectId\":\"smis-mentor\",\"storageBucket\":\"smis-mentor.firebasestorage.app\"}","GCLOUD_PROJECT":"smis-mentor","EVENTARC_CLOUD_EVENT_SOURCE":"projects/smis-mentor/locations/asia-northeast3/functions/createCustomToken"},"runtime":"nodejs20","ingressSettings":"ALLOW_ALL","buildId":"ba7df669-29dd-4c2b-89e8-c728e675159f","buildEnvironmentVariables":{"GOOGLE_NODE_RUN_SCRIPTS":""},"buildName":"projects/382190683951/locations/asia-northeast3/builds/ba7df669-29dd-4c2b-89e8-c728e675159f","dockerRegistry":"ARTIFACT_REGISTRY","automaticUpdatePolicy":{},"buildServiceAccount":"projects/smis-mentor/serviceAccounts/382190683951-compute@developer.gserviceaccount.com","satisfiesPzs":true,"satisfiesPzi":true},{"name":"projects/smis-mentor/locations/asia-northeast3/functions/checkOverdueTasks","eventTrigger":{"eventType":"google.pubsub.topic.publish","resource":"projects/smis-mentor/topics/firebase-schedule-checkOverdueTasks-asia-northeast3","service":"pubsub.googleapis.com","failurePolicy":{}},"status":"ACTIVE","entryPoint":"checkOverdueTasks","timeout":"60s","availableMemoryMb":256,"serviceAccountEmail":"smis-mentor@appspot.gserviceaccount.com","updateTime":"2026-03-21T06:49:02.130791872Z","versionId":"1","labels":{"deployment-tool":"cli-firebase","deployment-scheduled":"true","firebase-functions-hash":"478cd6376f3b35c5a759a2b5367ed3ca98b3900a"},"sourceUploadUrl":"https://storage.googleapis.com/uploads-771477438626.asia-northeast3.cloudfunctions.appspot.com/e0bacaa0-b2b4-4004-8c77-95bc7a05f5ba.zip","environmentVariables":{"FIREBASE_CONFIG":"{\"projectId\":\"smis-mentor\",\"storageBucket\":\"smis-mentor.firebasestorage.app\"}","GCLOUD_PROJECT":"smis-mentor","EVENTARC_CLOUD_EVENT_SOURCE":"projects/smis-mentor/locations/asia-northeast3/functions/checkOverdueTasks"},"runtime":"nodejs20","maxInstances":3000,"ingressSettings":"ALLOW_ALL","buildId":"6753266c-53d5-4dd6-8a44-4491d24c597e","buildEnvironmentVariables":{"GOOGLE_NODE_RUN_SCRIPTS":""},"buildName":"projects/382190683951/locations/asia-northeast3/builds/6753266c-53d5-4dd6-8a44-4491d24c597e","dockerRegistry":"ARTIFACT_REGISTRY","automaticUpdatePolicy":{},"buildServiceAccount":"projects/smis-mentor/serviceAccounts/382190683951-compute@developer.gserviceaccount.com","satisfiesPzs":true,"satisfiesPzi":true},{"name":"projects/smis-mentor/locations/asia-northeast3/functions/sendTestNotification","httpsTrigger":{"url":"https://asia-northeast3-smis-mentor.cloudfunctions.net/sendTestNotification","securityLevel":"SECURE_ALWAYS"},"status":"ACTIVE","entryPoint":"sendTestNotification","timeout":"60s","availableMemoryMb":256,"serviceAccountEmail":"smis-mentor@appspot.gserviceaccount.com","updateTime":"2026-03-21T06:48:49.739426785Z","versionId":"1","labels":{"deployment-tool":"cli-firebase","deployment-callable":"true","firebase-functions-hash":"478cd6376f3b35c5a759a2b5367ed3ca98b3900a"},"sourceUploadUrl":"https://storage.googleapis.com/uploads-771477438626.asia-northeast3.cloudfunctions.appspot.com/e0bacaa0-b2b4-4004-8c77-95bc7a05f5ba.zip","environmentVariables":{"FIREBASE_CONFIG":"{\"projectId\":\"smis-mentor\",\"storageBucket\":\"smis-mentor.firebasestorage.app\"}","GCLOUD_PROJECT":"smis-mentor","EVENTARC_CLOUD_EVENT_SOURCE":"projects/smis-mentor/locations/asia-northeast3/functions/sendTestNotification"},"runtime":"nodejs20","ingressSettings":"ALLOW_ALL","buildId":"6753266c-53d5-4dd6-8a44-4491d24c597e","buildEnvironmentVariables":{"GOOGLE_NODE_RUN_SCRIPTS":""},"buildName":"projects/382190683951/locations/asia-northeast3/builds/6753266c-53d5-4dd6-8a44-4491d24c597e","dockerRegistry":"ARTIFACT_REGISTRY","automaticUpdatePolicy":{},"buildServiceAccount":"projects/smis-mentor/serviceAccounts/382190683951-compute@developer.gserviceaccount.com","satisfiesPzs":true,"satisfiesPzi":true}]}
[debug] [2026-03-24T17:09:21.869Z] Checked if tokens are valid: true, expires at: 1774375655893
[debug] [2026-03-24T17:09:21.870Z] Checked if tokens are valid: true, expires at: 1774375655893
[debug] [2026-03-24T17:09:21.870Z] >>> [apiv2][query] GET https://cloudfunctions.googleapis.com/v2/projects/smis-mentor/locations/-/functions filter=environment%3D%22GEN_2%22
[debug] [2026-03-24T17:09:23.482Z] <<< [apiv2][status] GET https://cloudfunctions.googleapis.com/v2/projects/smis-mentor/locations/-/functions 200
[debug] [2026-03-24T17:09:23.483Z] <<< [apiv2][body] GET https://cloudfunctions.googleapis.com/v2/projects/smis-mentor/locations/-/functions {}
[info] i  functions: ensuring required API cloudscheduler.googleapis.com is enabled... 
[debug] [2026-03-24T17:09:23.543Z] Checked if tokens are valid: true, expires at: 1774375655893
[debug] [2026-03-24T17:09:23.543Z] Checked if tokens are valid: true, expires at: 1774375655893
[debug] [2026-03-24T17:09:23.543Z] >>> [apiv2][query] GET https://serviceusage.googleapis.com/v1/projects/smis-mentor/services/cloudscheduler.googleapis.com [none]
[debug] [2026-03-24T17:09:23.543Z] >>> [apiv2][(partial)header] GET https://serviceusage.googleapis.com/v1/projects/smis-mentor/services/cloudscheduler.googleapis.com x-goog-quota-user=projects/smis-mentor
[debug] [2026-03-24T17:09:24.726Z] <<< [apiv2][status] GET https://serviceusage.googleapis.com/v1/projects/smis-mentor/services/cloudscheduler.googleapis.com 200
[debug] [2026-03-24T17:09:24.727Z] <<< [apiv2][body] GET https://serviceusage.googleapis.com/v1/projects/smis-mentor/services/cloudscheduler.googleapis.com [omitted]
[info] ✔  functions: required API cloudscheduler.googleapis.com is enabled 
[info] i  functions: ensuring required API run.googleapis.com is enabled... 
[debug] [2026-03-24T17:09:24.733Z] Checked if tokens are valid: true, expires at: 1774375655893
[debug] [2026-03-24T17:09:24.733Z] Checked if tokens are valid: true, expires at: 1774375655893
[info] i  functions: ensuring required API eventarc.googleapis.com is enabled... 
[debug] [2026-03-24T17:09:24.733Z] Checked if tokens are valid: true, expires at: 1774375655893
[debug] [2026-03-24T17:09:24.733Z] Checked if tokens are valid: true, expires at: 1774375655893
[info] i  functions: ensuring required API pubsub.googleapis.com is enabled... 
[debug] [2026-03-24T17:09:24.734Z] Checked if tokens are valid: true, expires at: 1774375655893
[debug] [2026-03-24T17:09:24.734Z] Checked if tokens are valid: true, expires at: 1774375655893
[info] i  functions: ensuring required API storage.googleapis.com is enabled... 
[debug] [2026-03-24T17:09:24.735Z] Checked if tokens are valid: true, expires at: 1774375655893
[debug] [2026-03-24T17:09:24.735Z] Checked if tokens are valid: true, expires at: 1774375655893
[debug] [2026-03-24T17:09:24.736Z] >>> [apiv2][query] GET https://serviceusage.googleapis.com/v1/projects/smis-mentor/services/run.googleapis.com [none]
[debug] [2026-03-24T17:09:24.737Z] >>> [apiv2][(partial)header] GET https://serviceusage.googleapis.com/v1/projects/smis-mentor/services/run.googleapis.com x-goog-quota-user=projects/smis-mentor
[debug] [2026-03-24T17:09:24.738Z] >>> [apiv2][query] GET https://serviceusage.googleapis.com/v1/projects/smis-mentor/services/eventarc.googleapis.com [none]
[debug] [2026-03-24T17:09:24.738Z] >>> [apiv2][(partial)header] GET https://serviceusage.googleapis.com/v1/projects/smis-mentor/services/eventarc.googleapis.com x-goog-quota-user=projects/smis-mentor
[debug] [2026-03-24T17:09:24.743Z] >>> [apiv2][query] GET https://serviceusage.googleapis.com/v1/projects/smis-mentor/services/pubsub.googleapis.com [none]
[debug] [2026-03-24T17:09:24.743Z] >>> [apiv2][(partial)header] GET https://serviceusage.googleapis.com/v1/projects/smis-mentor/services/pubsub.googleapis.com x-goog-quota-user=projects/smis-mentor
[debug] [2026-03-24T17:09:24.744Z] >>> [apiv2][query] GET https://serviceusage.googleapis.com/v1/projects/smis-mentor/services/storage.googleapis.com [none]
[debug] [2026-03-24T17:09:24.744Z] >>> [apiv2][(partial)header] GET https://serviceusage.googleapis.com/v1/projects/smis-mentor/services/storage.googleapis.com x-goog-quota-user=projects/smis-mentor
[debug] [2026-03-24T17:09:25.048Z] <<< [apiv2][status] GET https://serviceusage.googleapis.com/v1/projects/smis-mentor/services/run.googleapis.com 200
[debug] [2026-03-24T17:09:25.048Z] <<< [apiv2][body] GET https://serviceusage.googleapis.com/v1/projects/smis-mentor/services/run.googleapis.com [omitted]
[info] ✔  functions: required API run.googleapis.com is enabled 
[debug] [2026-03-24T17:09:25.907Z] <<< [apiv2][status] GET https://serviceusage.googleapis.com/v1/projects/smis-mentor/services/pubsub.googleapis.com 200
[debug] [2026-03-24T17:09:25.908Z] <<< [apiv2][body] GET https://serviceusage.googleapis.com/v1/projects/smis-mentor/services/pubsub.googleapis.com [omitted]
[info] ✔  functions: required API pubsub.googleapis.com is enabled 
[debug] [2026-03-24T17:09:25.922Z] <<< [apiv2][status] GET https://serviceusage.googleapis.com/v1/projects/smis-mentor/services/eventarc.googleapis.com 200
[debug] [2026-03-24T17:09:25.922Z] <<< [apiv2][body] GET https://serviceusage.googleapis.com/v1/projects/smis-mentor/services/eventarc.googleapis.com [omitted]
[info] ✔  functions: required API eventarc.googleapis.com is enabled 
[debug] [2026-03-24T17:09:25.933Z] <<< [apiv2][status] GET https://serviceusage.googleapis.com/v1/projects/smis-mentor/services/storage.googleapis.com 200
[debug] [2026-03-24T17:09:25.933Z] <<< [apiv2][body] GET https://serviceusage.googleapis.com/v1/projects/smis-mentor/services/storage.googleapis.com [omitted]
[info] ✔  functions: required API storage.googleapis.com is enabled 
[info] i  functions: generating the service identity for pubsub.googleapis.com... 
[debug] [2026-03-24T17:09:25.942Z] Checked if tokens are valid: true, expires at: 1774375655893
[debug] [2026-03-24T17:09:25.942Z] Checked if tokens are valid: true, expires at: 1774375655893
[info] i  functions: generating the service identity for eventarc.googleapis.com... 
[debug] [2026-03-24T17:09:25.945Z] Checked if tokens are valid: true, expires at: 1774375655893
[debug] [2026-03-24T17:09:25.946Z] Checked if tokens are valid: true, expires at: 1774375655893
[debug] [2026-03-24T17:09:25.946Z] >>> [apiv2][query] POST https://serviceusage.googleapis.com/v1beta1/projects/382190683951/services/pubsub.googleapis.com:generateServiceIdentity [none]
[debug] [2026-03-24T17:09:25.949Z] >>> [apiv2][query] POST https://serviceusage.googleapis.com/v1beta1/projects/382190683951/services/eventarc.googleapis.com:generateServiceIdentity [none]
[debug] [2026-03-24T17:09:26.333Z] <<< [apiv2][status] POST https://serviceusage.googleapis.com/v1beta1/projects/382190683951/services/pubsub.googleapis.com:generateServiceIdentity 200
[debug] [2026-03-24T17:09:26.333Z] <<< [apiv2][body] POST https://serviceusage.googleapis.com/v1beta1/projects/382190683951/services/pubsub.googleapis.com:generateServiceIdentity {"name":"operations/finished.DONE_OPERATION","done":true,"response":{"@type":"type.googleapis.com/google.api.serviceusage.v1beta1.ServiceIdentity","email":"service-382190683951@gcp-sa-pubsub.iam.gserviceaccount.com","uniqueId":"110725720028921100722"}}
[debug] [2026-03-24T17:09:27.188Z] <<< [apiv2][status] POST https://serviceusage.googleapis.com/v1beta1/projects/382190683951/services/eventarc.googleapis.com:generateServiceIdentity 200
[debug] [2026-03-24T17:09:27.188Z] <<< [apiv2][body] POST https://serviceusage.googleapis.com/v1beta1/projects/382190683951/services/eventarc.googleapis.com:generateServiceIdentity {"name":"operations/finished.DONE_OPERATION","done":true,"response":{"@type":"type.googleapis.com/google.api.serviceusage.v1beta1.ServiceIdentity","email":"service-382190683951@gcp-sa-eventarc.iam.gserviceaccount.com","uniqueId":"100239934033271597205"}}
[debug] [2026-03-24T17:09:27.199Z] Checked if tokens are valid: true, expires at: 1774375655893
[debug] [2026-03-24T17:09:27.199Z] Checked if tokens are valid: true, expires at: 1774375655893
[debug] [2026-03-24T17:09:27.199Z] >>> [apiv2][query] GET https://cloudresourcemanager.googleapis.com/v1/projects/smis-mentor [none]
[debug] [2026-03-24T17:09:27.493Z] <<< [apiv2][status] GET https://cloudresourcemanager.googleapis.com/v1/projects/smis-mentor 200
[debug] [2026-03-24T17:09:27.493Z] <<< [apiv2][body] GET https://cloudresourcemanager.googleapis.com/v1/projects/smis-mentor {"projectNumber":"382190683951","projectId":"smis-mentor","lifecycleState":"ACTIVE","name":"smis-mentor","labels":{"firebase":"enabled","firebase-core":"disabled"},"createTime":"2025-03-22T06:04:26.709683Z"}
[debug] [2026-03-24T17:09:27.500Z] Checked if tokens are valid: true, expires at: 1774375655893
[debug] [2026-03-24T17:09:27.501Z] Checked if tokens are valid: true, expires at: 1774375655893
[debug] [2026-03-24T17:09:27.501Z] Checked if tokens are valid: true, expires at: 1774375655893
[debug] [2026-03-24T17:09:27.501Z] Checked if tokens are valid: true, expires at: 1774375655893
[debug] [2026-03-24T17:09:27.501Z] >>> [apiv2][query] POST https://cloudfunctions.googleapis.com/v1/projects/smis-mentor/locations/asia-northeast3/functions:generateUploadUrl [none]
[debug] [2026-03-24T17:09:27.502Z] >>> [apiv2][body] POST https://cloudfunctions.googleapis.com/v1/projects/smis-mentor/locations/asia-northeast3/functions:generateUploadUrl {}
[debug] [2026-03-24T17:09:27.503Z] >>> [apiv2][query] POST https://cloudfunctions.googleapis.com/v2/projects/smis-mentor/locations/asia-northeast3/functions:generateUploadUrl [none]
[debug] [2026-03-24T17:09:28.000Z] <<< [apiv2][status] POST https://cloudfunctions.googleapis.com/v2/projects/smis-mentor/locations/asia-northeast3/functions:generateUploadUrl 200
[debug] [2026-03-24T17:09:28.000Z] <<< [apiv2][body] POST https://cloudfunctions.googleapis.com/v2/projects/smis-mentor/locations/asia-northeast3/functions:generateUploadUrl {"uploadUrl":"https://storage.googleapis.com/gcf-v2-uploads-382190683951.asia-northeast3.cloudfunctions.appspot.com/75d6e1b7-97df-4da3-975a-0ed5e4be3291.zip?GoogleAccessId=service-382190683951@gcf-admin-robot.iam.gserviceaccount.com&Expires=1774373967&Signature=dJQqV8hvKh50CY%2B60dQXffqFTGh6EnWftfjhcb3xq3MmjXhv7d33qeaIsY4ilEbw846hOARAnrAz6koscdGTM2jI7b3DFJaFtwFzVcfsOPddwwKzsH9aWKYKzvY%2Bvht07m8m%2FcVe1bjgYZjixxm9sb5GiUFHdwl1KuHxQ%2BcpbeFetFSviv3CLlBhcc7ufdYNKha6JEQ84pGnKmnrw6OkikzoLTbiWOUccbCYyk4U6zlvtI8QE9gFN80AAFJRfBdYKWWe7N7qCeOPIq3uTyN1UKI8%2BRYqcaQg8zLxqZgLtCMvmqIedTQhReDe0XnvWzrpeyX0EcFKPJNxWfKgh9MufQ%3D%3D","storageSource":{"bucket":"gcf-v2-uploads-382190683951.asia-northeast3.cloudfunctions.appspot.com","object":"75d6e1b7-97df-4da3-975a-0ed5e4be3291.zip"}}
[debug] [2026-03-24T17:09:28.002Z] >>> [apiv2][query] PUT https://storage.googleapis.com/gcf-v2-uploads-382190683951.asia-northeast3.cloudfunctions.appspot.com/75d6e1b7-97df-4da3-975a-0ed5e4be3291.zip GoogleAccessId=service-382190683951%40gcf-admin-robot.iam.gserviceaccount.com&Expires=1774373967&Signature=dJQqV8hvKh50CY%2B60dQXffqFTGh6EnWftfjhcb3xq3MmjXhv7d33qeaIsY4ilEbw846hOARAnrAz6koscdGTM2jI7b3DFJaFtwFzVcfsOPddwwKzsH9aWKYKzvY%2Bvht07m8m%2FcVe1bjgYZjixxm9sb5GiUFHdwl1KuHxQ%2BcpbeFetFSviv3CLlBhcc7ufdYNKha6JEQ84pGnKmnrw6OkikzoLTbiWOUccbCYyk4U6zlvtI8QE9gFN80AAFJRfBdYKWWe7N7qCeOPIq3uTyN1UKI8%2BRYqcaQg8zLxqZgLtCMvmqIedTQhReDe0XnvWzrpeyX0EcFKPJNxWfKgh9MufQ%3D%3D
[debug] [2026-03-24T17:09:28.003Z] >>> [apiv2][body] PUT https://storage.googleapis.com/gcf-v2-uploads-382190683951.asia-northeast3.cloudfunctions.appspot.com/75d6e1b7-97df-4da3-975a-0ed5e4be3291.zip [stream]
[debug] [2026-03-24T17:09:28.174Z] <<< [apiv2][status] PUT https://storage.googleapis.com/gcf-v2-uploads-382190683951.asia-northeast3.cloudfunctions.appspot.com/75d6e1b7-97df-4da3-975a-0ed5e4be3291.zip 200
[debug] [2026-03-24T17:09:28.174Z] <<< [apiv2][body] PUT https://storage.googleapis.com/gcf-v2-uploads-382190683951.asia-northeast3.cloudfunctions.appspot.com/75d6e1b7-97df-4da3-975a-0ed5e4be3291.zip [omitted]
[debug] [2026-03-24T17:09:28.896Z] <<< [apiv2][status] POST https://cloudfunctions.googleapis.com/v1/projects/smis-mentor/locations/asia-northeast3/functions:generateUploadUrl 200
[debug] [2026-03-24T17:09:28.896Z] <<< [apiv2][body] POST https://cloudfunctions.googleapis.com/v1/projects/smis-mentor/locations/asia-northeast3/functions:generateUploadUrl {"uploadUrl":"https://storage.googleapis.com/uploads-771477438626.asia-northeast3.cloudfunctions.appspot.com/d65323f1-a0aa-4351-b6b9-6a9f09ec8ebb.zip?GoogleAccessId=service-382190683951@gcf-admin-robot.iam.gserviceaccount.com&Expires=1774373968&Signature=WquStGPRP8pyeWjdUiIRYMuIwkZKB2JPtBIRfZ9OS9k94qIpnUr8ZC2M0CbNoz8vqb6bpyqrH7ZbuzaN%2F3C6UszfKAebOvKdnBrFVR9uQf4Bm0xroe7QKazjNBSGjgV5An3JO9mRxiFj9gu%2B%2FUonSPgpflfEeUxFGP3oudulys9Wh0DY6H60DurzEBr9%2F2D2o6UanlLKaJxe%2BpaSG2rGleB0GJYJ4M9ac1m7xi%2FqMtp%2Br0O2Po97zKU2vFumi%2Ft%2FUyVjFUgaB5CpjapZUy52kVV7XAkouVKC4ZnPxZU4fk%2FsXmlvSKoKuNJr%2BeQU6x%2FYE1bRIbZqEhy0IO580yxNlA%3D%3D"}
[debug] [2026-03-24T17:09:28.897Z] >>> [apiv2][query] PUT https://storage.googleapis.com/uploads-771477438626.asia-northeast3.cloudfunctions.appspot.com/d65323f1-a0aa-4351-b6b9-6a9f09ec8ebb.zip GoogleAccessId=service-382190683951%40gcf-admin-robot.iam.gserviceaccount.com&Expires=1774373968&Signature=WquStGPRP8pyeWjdUiIRYMuIwkZKB2JPtBIRfZ9OS9k94qIpnUr8ZC2M0CbNoz8vqb6bpyqrH7ZbuzaN%2F3C6UszfKAebOvKdnBrFVR9uQf4Bm0xroe7QKazjNBSGjgV5An3JO9mRxiFj9gu%2B%2FUonSPgpflfEeUxFGP3oudulys9Wh0DY6H60DurzEBr9%2F2D2o6UanlLKaJxe%2BpaSG2rGleB0GJYJ4M9ac1m7xi%2FqMtp%2Br0O2Po97zKU2vFumi%2Ft%2FUyVjFUgaB5CpjapZUy52kVV7XAkouVKC4ZnPxZU4fk%2FsXmlvSKoKuNJr%2BeQU6x%2FYE1bRIbZqEhy0IO580yxNlA%3D%3D
[debug] [2026-03-24T17:09:28.897Z] >>> [apiv2][body] PUT https://storage.googleapis.com/uploads-771477438626.asia-northeast3.cloudfunctions.appspot.com/d65323f1-a0aa-4351-b6b9-6a9f09ec8ebb.zip [stream]
[debug] [2026-03-24T17:09:28.989Z] <<< [apiv2][status] PUT https://storage.googleapis.com/uploads-771477438626.asia-northeast3.cloudfunctions.appspot.com/d65323f1-a0aa-4351-b6b9-6a9f09ec8ebb.zip 200
[debug] [2026-03-24T17:09:28.992Z] <<< [apiv2][body] PUT https://storage.googleapis.com/uploads-771477438626.asia-northeast3.cloudfunctions.appspot.com/d65323f1-a0aa-4351-b6b9-6a9f09ec8ebb.zip [omitted]
[info] ✔  functions: functions folder uploaded successfully 
[info] i  functions: updating Node.js 20 (1st Gen) function createCustomToken(asia-northeast3)... 
[debug] [2026-03-24T17:09:29.069Z] Checked if tokens are valid: true, expires at: 1774375655893
[debug] [2026-03-24T17:09:29.069Z] Checked if tokens are valid: true, expires at: 1774375655893
[debug] [2026-03-24T17:09:29.069Z] >>> [apiv2][query] PATCH https://cloudfunctions.googleapis.com/v1/projects/smis-mentor/locations/asia-northeast3/functions/createCustomToken updateMask=name%2CsourceUploadUrl%2CentryPoint%2Cruntime%2CdockerRegistry%2Clabels%2ChttpsTrigger.securityLevel%2CminInstances%2CmaxInstances%2CingressSettings%2CenvironmentVariables%2CserviceAccountEmail%2CavailableMemoryMb%2Ctimeout%2CvpcConnector%2CvpcConnectorEgressSettings%2CsourceToken%2CbuildEnvironmentVariables
[debug] [2026-03-24T17:09:29.069Z] >>> [apiv2][body] PATCH https://cloudfunctions.googleapis.com/v1/projects/smis-mentor/locations/asia-northeast3/functions/createCustomToken {"name":"projects/smis-mentor/locations/asia-northeast3/functions/createCustomToken","sourceUploadUrl":"https://storage.googleapis.com/uploads-771477438626.asia-northeast3.cloudfunctions.appspot.com/d65323f1-a0aa-4351-b6b9-6a9f09ec8ebb.zip?GoogleAccessId=service-382190683951@gcf-admin-robot.iam.gserviceaccount.com&Expires=1774373968&Signature=WquStGPRP8pyeWjdUiIRYMuIwkZKB2JPtBIRfZ9OS9k94qIpnUr8ZC2M0CbNoz8vqb6bpyqrH7ZbuzaN%2F3C6UszfKAebOvKdnBrFVR9uQf4Bm0xroe7QKazjNBSGjgV5An3JO9mRxiFj9gu%2B%2FUonSPgpflfEeUxFGP3oudulys9Wh0DY6H60DurzEBr9%2F2D2o6UanlLKaJxe%2BpaSG2rGleB0GJYJ4M9ac1m7xi%2FqMtp%2Br0O2Po97zKU2vFumi%2Ft%2FUyVjFUgaB5CpjapZUy52kVV7XAkouVKC4ZnPxZU4fk%2FsXmlvSKoKuNJr%2BeQU6x%2FYE1bRIbZqEhy0IO580yxNlA%3D%3D","entryPoint":"createCustomToken","runtime":"nodejs20","dockerRegistry":"ARTIFACT_REGISTRY","labels":{"deployment-tool":"cli-firebase","deployment-callable":"true","firebase-functions-hash":"bc986a0a76b77ddc9d9117549d9f9b61f725ff7e"},"httpsTrigger":{"securityLevel":"SECURE_ALWAYS"},"minInstances":null,"maxInstances":null,"ingressSettings":null,"environmentVariables":{"FIREBASE_CONFIG":"{\"projectId\":\"smis-mentor\",\"storageBucket\":\"smis-mentor.firebasestorage.app\"}","GCLOUD_PROJECT":"smis-mentor","EVENTARC_CLOUD_EVENT_SOURCE":"projects/smis-mentor/locations/asia-northeast3/functions/createCustomToken"},"serviceAccountEmail":null,"availableMemoryMb":null,"timeout":null,"vpcConnector":null,"vpcConnectorEgressSettings":null,"buildEnvironmentVariables":{"GOOGLE_NODE_RUN_SCRIPTS":""}}
[debug] [2026-03-24T17:09:29.976Z] <<< [apiv2][status] PATCH https://cloudfunctions.googleapis.com/v1/projects/smis-mentor/locations/asia-northeast3/functions/createCustomToken 200
[debug] [2026-03-24T17:09:29.978Z] <<< [apiv2][body] PATCH https://cloudfunctions.googleapis.com/v1/projects/smis-mentor/locations/asia-northeast3/functions/createCustomToken {"name":"operations/c21pcy1tZW50b3IvYXNpYS1ub3J0aGVhc3QzL2NyZWF0ZUN1c3RvbVRva2VuL09IYVRtUEd6X2l3","metadata":{"@type":"type.googleapis.com/google.cloud.functions.v1.OperationMetadataV1","target":"projects/smis-mentor/locations/asia-northeast3/functions/createCustomToken","type":"UPDATE_FUNCTION","request":{"@type":"type.googleapis.com/google.cloud.functions.v1.CloudFunction","name":"projects/smis-mentor/locations/asia-northeast3/functions/createCustomToken","httpsTrigger":{"url":"https://asia-northeast3-smis-mentor.cloudfunctions.net/createCustomToken","securityLevel":"SECURE_ALWAYS"},"status":"ACTIVE","entryPoint":"createCustomToken","updateTime":"2026-03-21T06:58:17.279Z","versionId":"3","labels":{"deployment-tool":"cli-firebase","deployment-callable":"true","firebase-functions-hash":"bc986a0a76b77ddc9d9117549d9f9b61f725ff7e"},"sourceUploadUrl":"https://storage.googleapis.com/uploads-771477438626.asia-northeast3.cloudfunctions.appspot.com/d65323f1-a0aa-4351-b6b9-6a9f09ec8ebb.zip?GoogleAccessId=service-382190683951@gcf-admin-robot.iam.gserviceaccount.com&Expires=1774373968&Signature=WquStGPRP8pyeWjdUiIRYMuIwkZKB2JPtBIRfZ9OS9k94qIpnUr8ZC2M0CbNoz8vqb6bpyqrH7ZbuzaN%2F3C6UszfKAebOvKdnBrFVR9uQf4Bm0xroe7QKazjNBSGjgV5An3JO9mRxiFj9gu%2B%2FUonSPgpflfEeUxFGP3oudulys9Wh0DY6H60DurzEBr9%2F2D2o6UanlLKaJxe%2BpaSG2rGleB0GJYJ4M9ac1m7xi%2FqMtp%2Br0O2Po97zKU2vFumi%2Ft%2FUyVjFUgaB5CpjapZUy52kVV7XAkouVKC4ZnPxZU4fk%2FsXmlvSKoKuNJr%2BeQU6x%2FYE1bRIbZqEhy0IO580yxNlA%3D%3D","environmentVariables":{"FIREBASE_CONFIG":"{\"projectId\":\"smis-mentor\",\"storageBucket\":\"smis-mentor.firebasestorage.app\"}","GCLOUD_PROJECT":"smis-mentor","EVENTARC_CLOUD_EVENT_SOURCE":"projects/smis-mentor/locations/asia-northeast3/functions/createCustomToken"},"runtime":"nodejs20","buildId":"ba7df669-29dd-4c2b-89e8-c728e675159f","buildEnvironmentVariables":{"GOOGLE_NODE_RUN_SCRIPTS":""},"buildName":"projects/382190683951/locations/asia-northeast3/builds/ba7df669-29dd-4c2b-89e8-c728e675159f","dockerRegistry":"ARTIFACT_REGISTRY","automaticUpdatePolicy":{},"buildServiceAccount":"projects/smis-mentor/serviceAccounts/382190683951-compute@developer.gserviceaccount.com"},"versionId":"5","updateTime":"2026-03-24T17:09:29Z"}}
[debug] [2026-03-24T17:09:30.000Z] Checked if tokens are valid: true, expires at: 1774375655893
[debug] [2026-03-24T17:09:30.000Z] Checked if tokens are valid: true, expires at: 1774375655893
[debug] [2026-03-24T17:09:30.015Z] >>> [apiv2][query] GET https://cloudfunctions.googleapis.com/v1/operations/c21pcy1tZW50b3IvYXNpYS1ub3J0aGVhc3QzL2NyZWF0ZUN1c3RvbVRva2VuL09IYVRtUEd6X2l3 [none]
[debug] [2026-03-24T17:09:30.374Z] <<< [apiv2][status] GET https://cloudfunctions.googleapis.com/v1/operations/c21pcy1tZW50b3IvYXNpYS1ub3J0aGVhc3QzL2NyZWF0ZUN1c3RvbVRva2VuL09IYVRtUEd6X2l3 200
[debug] [2026-03-24T17:09:30.375Z] <<< [apiv2][body] GET https://cloudfunctions.googleapis.com/v1/operations/c21pcy1tZW50b3IvYXNpYS1ub3J0aGVhc3QzL2NyZWF0ZUN1c3RvbVRva2VuL09IYVRtUEd6X2l3 {"name":"operations/c21pcy1tZW50b3IvYXNpYS1ub3J0aGVhc3QzL2NyZWF0ZUN1c3RvbVRva2VuL09IYVRtUEd6X2l3","metadata":{"@type":"type.googleapis.com/google.cloud.functions.v1.OperationMetadataV1","target":"projects/smis-mentor/locations/asia-northeast3/functions/createCustomToken","type":"UPDATE_FUNCTION","request":{"@type":"type.googleapis.com/google.cloud.functions.v1.CloudFunction","name":"projects/smis-mentor/locations/asia-northeast3/functions/createCustomToken","httpsTrigger":{"url":"https://asia-northeast3-smis-mentor.cloudfunctions.net/createCustomToken","securityLevel":"SECURE_ALWAYS"},"status":"ACTIVE","entryPoint":"createCustomToken","updateTime":"2026-03-21T06:58:17.279Z","versionId":"3","labels":{"deployment-tool":"cli-firebase","deployment-callable":"true","firebase-functions-hash":"bc986a0a76b77ddc9d9117549d9f9b61f725ff7e"},"sourceUploadUrl":"https://storage.googleapis.com/uploads-771477438626.asia-northeast3.cloudfunctions.appspot.com/d65323f1-a0aa-4351-b6b9-6a9f09ec8ebb.zip?GoogleAccessId=service-382190683951@gcf-admin-robot.iam.gserviceaccount.com&Expires=1774373968&Signature=WquStGPRP8pyeWjdUiIRYMuIwkZKB2JPtBIRfZ9OS9k94qIpnUr8ZC2M0CbNoz8vqb6bpyqrH7ZbuzaN%2F3C6UszfKAebOvKdnBrFVR9uQf4Bm0xroe7QKazjNBSGjgV5An3JO9mRxiFj9gu%2B%2FUonSPgpflfEeUxFGP3oudulys9Wh0DY6H60DurzEBr9%2F2D2o6UanlLKaJxe%2BpaSG2rGleB0GJYJ4M9ac1m7xi%2FqMtp%2Br0O2Po97zKU2vFumi%2Ft%2FUyVjFUgaB5CpjapZUy52kVV7XAkouVKC4ZnPxZU4fk%2FsXmlvSKoKuNJr%2BeQU6x%2FYE1bRIbZqEhy0IO580yxNlA%3D%3D","environmentVariables":{"FIREBASE_CONFIG":"{\"projectId\":\"smis-mentor\",\"storageBucket\":\"smis-mentor.firebasestorage.app\"}","GCLOUD_PROJECT":"smis-mentor","EVENTARC_CLOUD_EVENT_SOURCE":"projects/smis-mentor/locations/asia-northeast3/functions/createCustomToken"},"runtime":"nodejs20","buildId":"ba7df669-29dd-4c2b-89e8-c728e675159f","buildEnvironmentVariables":{"GOOGLE_NODE_RUN_SCRIPTS":""},"buildName":"projects/382190683951/locations/asia-northeast3/builds/ba7df669-29dd-4c2b-89e8-c728e675159f","dockerRegistry":"ARTIFACT_REGISTRY","automaticUpdatePolicy":{},"buildServiceAccount":"projects/smis-mentor/serviceAccounts/382190683951-compute@developer.gserviceaccount.com"},"versionId":"5","updateTime":"2026-03-24T17:09:29Z"}}
[debug] [2026-03-24T17:09:30.878Z] [update-default-asia-northeast3-createCustomToken] Retrying task index 0
[debug] [2026-03-24T17:09:30.882Z] Checked if tokens are valid: true, expires at: 1774375655893
[debug] [2026-03-24T17:09:30.882Z] Checked if tokens are valid: true, expires at: 1774375655893
[debug] [2026-03-24T17:09:30.882Z] >>> [apiv2][query] GET https://cloudfunctions.googleapis.com/v1/operations/c21pcy1tZW50b3IvYXNpYS1ub3J0aGVhc3QzL2NyZWF0ZUN1c3RvbVRva2VuL09IYVRtUEd6X2l3 [none]
[debug] [2026-03-24T17:09:31.270Z] <<< [apiv2][status] GET https://cloudfunctions.googleapis.com/v1/operations/c21pcy1tZW50b3IvYXNpYS1ub3J0aGVhc3QzL2NyZWF0ZUN1c3RvbVRva2VuL09IYVRtUEd6X2l3 200
[debug] [2026-03-24T17:09:31.270Z] <<< [apiv2][body] GET https://cloudfunctions.googleapis.com/v1/operations/c21pcy1tZW50b3IvYXNpYS1ub3J0aGVhc3QzL2NyZWF0ZUN1c3RvbVRva2VuL09IYVRtUEd6X2l3 {"name":"operations/c21pcy1tZW50b3IvYXNpYS1ub3J0aGVhc3QzL2NyZWF0ZUN1c3RvbVRva2VuL09IYVRtUEd6X2l3","metadata":{"@type":"type.googleapis.com/google.cloud.functions.v1.OperationMetadataV1","target":"projects/smis-mentor/locations/asia-northeast3/functions/createCustomToken","type":"UPDATE_FUNCTION","request":{"@type":"type.googleapis.com/google.cloud.functions.v1.CloudFunction","name":"projects/smis-mentor/locations/asia-northeast3/functions/createCustomToken","httpsTrigger":{"url":"https://asia-northeast3-smis-mentor.cloudfunctions.net/createCustomToken","securityLevel":"SECURE_ALWAYS"},"status":"ACTIVE","entryPoint":"createCustomToken","updateTime":"2026-03-21T06:58:17.279Z","versionId":"3","labels":{"deployment-tool":"cli-firebase","deployment-callable":"true","firebase-functions-hash":"bc986a0a76b77ddc9d9117549d9f9b61f725ff7e"},"sourceUploadUrl":"https://storage.googleapis.com/uploads-771477438626.asia-northeast3.cloudfunctions.appspot.com/d65323f1-a0aa-4351-b6b9-6a9f09ec8ebb.zip?GoogleAccessId=service-382190683951@gcf-admin-robot.iam.gserviceaccount.com&Expires=1774373968&Signature=WquStGPRP8pyeWjdUiIRYMuIwkZKB2JPtBIRfZ9OS9k94qIpnUr8ZC2M0CbNoz8vqb6bpyqrH7ZbuzaN%2F3C6UszfKAebOvKdnBrFVR9uQf4Bm0xroe7QKazjNBSGjgV5An3JO9mRxiFj9gu%2B%2FUonSPgpflfEeUxFGP3oudulys9Wh0DY6H60DurzEBr9%2F2D2o6UanlLKaJxe%2BpaSG2rGleB0GJYJ4M9ac1m7xi%2FqMtp%2Br0O2Po97zKU2vFumi%2Ft%2FUyVjFUgaB5CpjapZUy52kVV7XAkouVKC4ZnPxZU4fk%2FsXmlvSKoKuNJr%2BeQU6x%2FYE1bRIbZqEhy0IO580yxNlA%3D%3D","environmentVariables":{"FIREBASE_CONFIG":"{\"projectId\":\"smis-mentor\",\"storageBucket\":\"smis-mentor.firebasestorage.app\"}","GCLOUD_PROJECT":"smis-mentor","EVENTARC_CLOUD_EVENT_SOURCE":"projects/smis-mentor/locations/asia-northeast3/functions/createCustomToken"},"runtime":"nodejs20","buildId":"ba7df669-29dd-4c2b-89e8-c728e675159f","buildEnvironmentVariables":{"GOOGLE_NODE_RUN_SCRIPTS":""},"buildName":"projects/382190683951/locations/asia-northeast3/builds/ba7df669-29dd-4c2b-89e8-c728e675159f","dockerRegistry":"ARTIFACT_REGISTRY","automaticUpdatePolicy":{},"buildServiceAccount":"projects/smis-mentor/serviceAccounts/382190683951-compute@developer.gserviceaccount.com"},"versionId":"5","updateTime":"2026-03-24T17:09:31Z"},"done":true,"error":{"code":7,"message":"Build failed: com.google.net.rpc3.client.RpcClientException: <eye3 title='/ArgoAdminNoCloudAudit.CreateBuild, PERMISSION_DENIED'/> APPLICATION_ERROR;google.devtools.cloudbuild.v1/ArgoAdminNoCloudAudit.CreateBuild;generic::permission_denied: Permission 'iam.serviceAccounts.get' denied on resource (or it may not exist).;AppErrorCode=7;StartTimeMs=1774372170923;unknown;ResFormat=uncompressed;ServerTimeSec=0.259247885;LogBytes=256;Non-FailFast;EndUserCredsRequested;EffSecLevel=privacy_and_integrity;ReqFormat=uncompressed;ReqID=ad6e48918d632b7c;GlobalID=0;Server=[2002:a05:6328:7a9:b0:85:bbb4:9cea]:4001"}}
[debug] [2026-03-24T17:09:31.270Z] Got source token undefined for region asia-northeast3
[error] Build failed: com.google.net.rpc3.client.RpcClientException: <eye3 title='/ArgoAdminNoCloudAudit.CreateBuild, PERMISSION_DENIED'/> APPLICATION_ERROR;google.devtools.cloudbuild.v1/ArgoAdminNoCloudAudit.CreateBuild;generic::permission_denied: Permission 'iam.serviceAccounts.get' denied on resource (or it may not exist).;AppErrorCode=7;StartTimeMs=1774372170923;unknown;ResFormat=uncompressed;ServerTimeSec=0.259247885;LogBytes=256;Non-FailFast;EndUserCredsRequested;EffSecLevel=privacy_and_integrity;ReqFormat=uncompressed;ReqID=ad6e48918d632b7c;GlobalID=0;Server=[2002:a05:6328:7a9:b0:85:bbb4:9cea]:4001
[debug] [2026-03-24T17:09:31.356Z] Total Function Deployment time: 2248
[debug] [2026-03-24T17:09:31.356Z] 1 Functions Deployed
[debug] [2026-03-24T17:09:31.356Z] 1 Functions Errored
[debug] [2026-03-24T17:09:31.356Z] 0 Function Deployments Aborted
[debug] [2026-03-24T17:09:31.356Z] Average Function Deployment time: 2238
[info] 
[info] Functions deploy had errors with the following functions:
	createCustomToken(asia-northeast3)
[info] i  functions: cleaning up build files... 
[debug] [2026-03-24T17:09:31.567Z] Checked if tokens are valid: true, expires at: 1774375655893
[debug] [2026-03-24T17:09:31.567Z] Checked if tokens are valid: true, expires at: 1774375655893
[debug] [2026-03-24T17:09:31.567Z] Checked if tokens are valid: true, expires at: 1774375655893
[debug] [2026-03-24T17:09:31.567Z] Checked if tokens are valid: true, expires at: 1774375655893
[debug] [2026-03-24T17:09:31.567Z] Checked if tokens are valid: true, expires at: 1774375655893
[debug] [2026-03-24T17:09:31.567Z] Checked if tokens are valid: true, expires at: 1774375655893
[debug] [2026-03-24T17:09:31.567Z] Checked if tokens are valid: true, expires at: 1774375655893
[debug] [2026-03-24T17:09:31.567Z] Checked if tokens are valid: true, expires at: 1774375655893
[debug] [2026-03-24T17:09:31.567Z] Checked if tokens are valid: true, expires at: 1774375655893
[debug] [2026-03-24T17:09:31.567Z] Checked if tokens are valid: true, expires at: 1774375655893
[debug] [2026-03-24T17:09:31.569Z] Checked if tokens are valid: true, expires at: 1774375655893
[debug] [2026-03-24T17:09:31.569Z] Checked if tokens are valid: true, expires at: 1774375655893
[debug] [2026-03-24T17:09:31.569Z] >>> [apiv2][query] DELETE https://artifactregistry.googleapis.com/v1/projects/smis-mentor/locations/asia-northeast3/repositories/gcf-artifacts/packages/check_overdue_tasks [none]
[debug] [2026-03-24T17:09:31.570Z] >>> [apiv2][query] DELETE https://artifactregistry.googleapis.com/v1/projects/smis-mentor/locations/asia-northeast3/repositories/gcf-artifacts/packages/send_test_notification [none]
[debug] [2026-03-24T17:09:31.570Z] >>> [apiv2][query] DELETE https://artifactregistry.googleapis.com/v1/projects/smis-mentor/locations/asia-northeast3/repositories/gcf-artifacts/packages/create_custom_token [none]
[debug] [2026-03-24T17:09:31.571Z] >>> [apiv2][query] DELETE https://artifactregistry.googleapis.com/v1/projects/smis-mentor/locations/asia-northeast3/repositories/gcf-artifacts/packages/smis--mentor__asia--northeast3__admin_delete_user [none]
[debug] [2026-03-24T17:09:31.571Z] >>> [apiv2][query] DELETE https://artifactregistry.googleapis.com/v1/projects/smis-mentor/locations/asia-northeast3/repositories/gcf-artifacts/packages/verify_auth_firestore_consistency [none]
[debug] [2026-03-24T17:09:31.573Z] >>> [apiv2][query] GET https://asia.gcr.io/v2/smis-mentor/gcf/asia-northeast3/tags/list [none]
[debug] [2026-03-24T17:09:31.788Z] <<< [apiv2][status] DELETE https://artifactregistry.googleapis.com/v1/projects/smis-mentor/locations/asia-northeast3/repositories/gcf-artifacts/packages/check_overdue_tasks 200
[debug] [2026-03-24T17:09:31.788Z] <<< [apiv2][body] DELETE https://artifactregistry.googleapis.com/v1/projects/smis-mentor/locations/asia-northeast3/repositories/gcf-artifacts/packages/check_overdue_tasks {"name":"projects/smis-mentor/locations/asia-northeast3/operations/49983940-b7f3-42a7-87f7-75dfd0bb06cb","metadata":{"@type":"type.googleapis.com/google.devtools.artifactregistry.v1.OperationMetadata"}}
[debug] [2026-03-24T17:09:31.788Z] Checked if tokens are valid: true, expires at: 1774375655893
[debug] [2026-03-24T17:09:31.788Z] Checked if tokens are valid: true, expires at: 1774375655893
[debug] [2026-03-24T17:09:31.788Z] >>> [apiv2][query] GET https://artifactregistry.googleapis.com/v1/projects/smis-mentor/locations/asia-northeast3/operations/49983940-b7f3-42a7-87f7-75dfd0bb06cb [none]
[debug] [2026-03-24T17:09:31.792Z] <<< [apiv2][status] DELETE https://artifactregistry.googleapis.com/v1/projects/smis-mentor/locations/asia-northeast3/repositories/gcf-artifacts/packages/send_test_notification 404
[debug] [2026-03-24T17:09:31.792Z] <<< [apiv2][body] DELETE https://artifactregistry.googleapis.com/v1/projects/smis-mentor/locations/asia-northeast3/repositories/gcf-artifacts/packages/send_test_notification {"error":{"code":404,"message":"Package \"projects/smis-mentor/locations/asia-northeast3/repositories/gcf-artifacts/packages/send_test_notification\" was not found.","status":"NOT_FOUND"}}
[debug] [2026-03-24T17:09:31.939Z] <<< [apiv2][status] GET https://artifactregistry.googleapis.com/v1/projects/smis-mentor/locations/asia-northeast3/operations/49983940-b7f3-42a7-87f7-75dfd0bb06cb 200
[debug] [2026-03-24T17:09:31.939Z] <<< [apiv2][body] GET https://artifactregistry.googleapis.com/v1/projects/smis-mentor/locations/asia-northeast3/operations/49983940-b7f3-42a7-87f7-75dfd0bb06cb {"name":"projects/smis-mentor/locations/asia-northeast3/operations/49983940-b7f3-42a7-87f7-75dfd0bb06cb","metadata":{"@type":"type.googleapis.com/google.devtools.artifactregistry.v1.OperationMetadata"},"done":true,"response":{"@type":"type.googleapis.com/google.protobuf.Empty"}}
[debug] [2026-03-24T17:09:31.994Z] <<< [apiv2][status] DELETE https://artifactregistry.googleapis.com/v1/projects/smis-mentor/locations/asia-northeast3/repositories/gcf-artifacts/packages/verify_auth_firestore_consistency 404
[debug] [2026-03-24T17:09:31.994Z] <<< [apiv2][body] DELETE https://artifactregistry.googleapis.com/v1/projects/smis-mentor/locations/asia-northeast3/repositories/gcf-artifacts/packages/verify_auth_firestore_consistency {"error":{"code":404,"message":"Package \"projects/smis-mentor/locations/asia-northeast3/repositories/gcf-artifacts/packages/verify_auth_firestore_consistency\" was not found.","status":"NOT_FOUND"}}
[debug] [2026-03-24T17:09:31.997Z] <<< [apiv2][status] DELETE https://artifactregistry.googleapis.com/v1/projects/smis-mentor/locations/asia-northeast3/repositories/gcf-artifacts/packages/smis--mentor__asia--northeast3__admin_delete_user 404
[debug] [2026-03-24T17:09:31.997Z] <<< [apiv2][body] DELETE https://artifactregistry.googleapis.com/v1/projects/smis-mentor/locations/asia-northeast3/repositories/gcf-artifacts/packages/smis--mentor__asia--northeast3__admin_delete_user {"error":{"code":404,"message":"Package \"projects/smis-mentor/locations/asia-northeast3/repositories/gcf-artifacts/packages/smis--mentor__asia--northeast3__admin_delete_user\" was not found.","status":"NOT_FOUND"}}
[debug] [2026-03-24T17:09:31.998Z] <<< [apiv2][status] DELETE https://artifactregistry.googleapis.com/v1/projects/smis-mentor/locations/asia-northeast3/repositories/gcf-artifacts/packages/create_custom_token 200
[debug] [2026-03-24T17:09:31.998Z] <<< [apiv2][body] DELETE https://artifactregistry.googleapis.com/v1/projects/smis-mentor/locations/asia-northeast3/repositories/gcf-artifacts/packages/create_custom_token {"name":"projects/smis-mentor/locations/asia-northeast3/operations/ea17a4f0-c6a0-421b-a05e-c5b65e719893","metadata":{"@type":"type.googleapis.com/google.devtools.artifactregistry.v1.OperationMetadata"}}
[debug] [2026-03-24T17:09:31.999Z] Checked if tokens are valid: true, expires at: 1774375655893
[debug] [2026-03-24T17:09:31.999Z] Checked if tokens are valid: true, expires at: 1774375655893
[debug] [2026-03-24T17:09:31.999Z] >>> [apiv2][query] GET https://artifactregistry.googleapis.com/v1/projects/smis-mentor/locations/asia-northeast3/operations/ea17a4f0-c6a0-421b-a05e-c5b65e719893 [none]
[debug] [2026-03-24T17:09:32.140Z] <<< [apiv2][status] GET https://artifactregistry.googleapis.com/v1/projects/smis-mentor/locations/asia-northeast3/operations/ea17a4f0-c6a0-421b-a05e-c5b65e719893 200
[debug] [2026-03-24T17:09:32.140Z] <<< [apiv2][body] GET https://artifactregistry.googleapis.com/v1/projects/smis-mentor/locations/asia-northeast3/operations/ea17a4f0-c6a0-421b-a05e-c5b65e719893 {"name":"projects/smis-mentor/locations/asia-northeast3/operations/ea17a4f0-c6a0-421b-a05e-c5b65e719893","metadata":{"@type":"type.googleapis.com/google.devtools.artifactregistry.v1.OperationMetadata"},"done":true,"response":{"@type":"type.googleapis.com/google.protobuf.Empty"}}
[debug] [2026-03-24T17:09:32.151Z] <<< [apiv2][status] GET https://asia.gcr.io/v2/smis-mentor/gcf/asia-northeast3/tags/list 404
[debug] [2026-03-24T17:09:32.151Z] <<< [apiv2][body] GET https://asia.gcr.io/v2/smis-mentor/gcf/asia-northeast3/tags/list {"errors":[{"code":"NAME_UNKNOWN","message":"Repository \"asia.gcr.io\" not found"}]}
[debug] [2026-03-24T17:09:32.151Z] Failed docker command with error  Request to https://asia.gcr.io/v2/smis-mentor/gcf/asia-northeast3/tags/list had HTTP Error: 404, Not Found {"name":"FirebaseError","children":[],"context":{"body":{"errors":[{"code":"NAME_UNKNOWN","message":"Repository \"asia.gcr.io\" not found"}],"error":{"message":"Not Found"}},"response":{"statusCode":404}},"exit":1,"message":"Request to https://asia.gcr.io/v2/smis-mentor/gcf/asia-northeast3/tags/list had HTTP Error: 404, Not Found","status":404}
[debug] [2026-03-24T17:09:32.157Z] Checked if tokens are valid: true, expires at: 1774375655893
[debug] [2026-03-24T17:09:32.160Z] Checked if tokens are valid: true, expires at: 1774375655893
[debug] [2026-03-24T17:09:32.160Z] >>> [apiv2][query] GET https://asia.gcr.io/v2/smis-mentor/gcf/asia-northeast3/tags/list [none]
[debug] [2026-03-24T17:09:32.527Z] <<< [apiv2][status] GET https://asia.gcr.io/v2/smis-mentor/gcf/asia-northeast3/tags/list 404
[debug] [2026-03-24T17:09:32.527Z] <<< [apiv2][body] GET https://asia.gcr.io/v2/smis-mentor/gcf/asia-northeast3/tags/list {"errors":[{"code":"NAME_UNKNOWN","message":"Repository \"asia.gcr.io\" not found"}]}
[debug] [2026-03-24T17:09:32.528Z] Failed docker command with error  Request to https://asia.gcr.io/v2/smis-mentor/gcf/asia-northeast3/tags/list had HTTP Error: 404, Not Found {"name":"FirebaseError","children":[],"context":{"body":{"errors":[{"code":"NAME_UNKNOWN","message":"Repository \"asia.gcr.io\" not found"}],"error":{"message":"Not Found"}},"response":{"statusCode":404}},"exit":1,"message":"Request to https://asia.gcr.io/v2/smis-mentor/gcf/asia-northeast3/tags/list had HTTP Error: 404, Not Found","status":404}
[debug] [2026-03-24T17:09:32.629Z] Checked if tokens are valid: true, expires at: 1774375655893
[debug] [2026-03-24T17:09:32.630Z] Checked if tokens are valid: true, expires at: 1774375655893
[debug] [2026-03-24T17:09:32.631Z] >>> [apiv2][query] GET https://asia.gcr.io/v2/smis-mentor/gcf/asia-northeast3/tags/list [none]
[debug] [2026-03-24T17:09:32.826Z] <<< [apiv2][status] GET https://asia.gcr.io/v2/smis-mentor/gcf/asia-northeast3/tags/list 404
[debug] [2026-03-24T17:09:32.826Z] <<< [apiv2][body] GET https://asia.gcr.io/v2/smis-mentor/gcf/asia-northeast3/tags/list {"errors":[{"code":"NAME_UNKNOWN","message":"Repository \"asia.gcr.io\" not found"}]}
[debug] [2026-03-24T17:09:32.827Z] Failed docker command with error  Request to https://asia.gcr.io/v2/smis-mentor/gcf/asia-northeast3/tags/list had HTTP Error: 404, Not Found {"name":"FirebaseError","children":[],"context":{"body":{"errors":[{"code":"NAME_UNKNOWN","message":"Repository \"asia.gcr.io\" not found"}],"error":{"message":"Not Found"}},"response":{"statusCode":404}},"exit":1,"message":"Request to https://asia.gcr.io/v2/smis-mentor/gcf/asia-northeast3/tags/list had HTTP Error: 404, Not Found","status":404}
[warn] ⚠  functions: Unhandled error cleaning up build images. This could result in a small monthly bill if not corrected. You can attempt to delete these images by redeploying or you can delete them manually at https://console.cloud.google.com/gcr/images/smis-mentor/asia/gcf 
[debug] [2026-03-24T17:09:32.840Z] Functions deploy failed.
[debug] [2026-03-24T17:09:32.842Z] {
  "endpoint": {
    "id": "createCustomToken",
    "project": "smis-mentor",
    "region": "asia-northeast3",
    "entryPoint": "createCustomToken",
    "platform": "gcfv1",
    "runtime": "nodejs20",
    "callableTrigger": {},
    "labels": {
      "deployment-tool": "cli-firebase"
    },
    "ingressSettings": null,
    "availableMemoryMb": null,
    "serviceAccount": null,
    "timeoutSeconds": null,
    "maxInstances": null,
    "minInstances": null,
    "vpc": null,
    "environmentVariables": {
      "FIREBASE_CONFIG": "{\"projectId\":\"smis-mentor\",\"storageBucket\":\"smis-mentor.firebasestorage.app\"}",
      "GCLOUD_PROJECT": "smis-mentor",
      "EVENTARC_CLOUD_EVENT_SOURCE": "projects/smis-mentor/locations/asia-northeast3/functions/createCustomToken"
    },
    "codebase": "default",
    "securityLevel": "SECURE_ALWAYS",
    "targetedByOnly": true,
    "hash": "bc986a0a76b77ddc9d9117549d9f9b61f725ff7e"
  },
  "op": "update",
  "original": {
    "name": "FirebaseError",
    "children": [],
    "exit": 1,
    "message": "Build failed: com.google.net.rpc3.client.RpcClientException: <eye3 title='/ArgoAdminNoCloudAudit.CreateBuild, PERMISSION_DENIED'/> APPLICATION_ERROR;google.devtools.cloudbuild.v1/ArgoAdminNoCloudAudit.CreateBuild;generic::permission_denied: Permission 'iam.serviceAccounts.get' denied on resource (or it may not exist).;AppErrorCode=7;StartTimeMs=1774372170923;unknown;ResFormat=uncompressed;ServerTimeSec=0.259247885;LogBytes=256;Non-FailFast;EndUserCredsRequested;EffSecLevel=privacy_and_integrity;ReqFormat=uncompressed;ReqID=ad6e48918d632b7c;GlobalID=0;Server=[2002:a05:6328:7a9:b0:85:bbb4:9cea]:4001",
    "original": {
      "code": 7,
      "message": "Build failed: com.google.net.rpc3.client.RpcClientException: <eye3 title='/ArgoAdminNoCloudAudit.CreateBuild, PERMISSION_DENIED'/> APPLICATION_ERROR;google.devtools.cloudbuild.v1/ArgoAdminNoCloudAudit.CreateBuild;generic::permission_denied: Permission 'iam.serviceAccounts.get' denied on resource (or it may not exist).;AppErrorCode=7;StartTimeMs=1774372170923;unknown;ResFormat=uncompressed;ServerTimeSec=0.259247885;LogBytes=256;Non-FailFast;EndUserCredsRequested;EffSecLevel=privacy_and_integrity;ReqFormat=uncompressed;ReqID=ad6e48918d632b7c;GlobalID=0;Server=[2002:a05:6328:7a9:b0:85:bbb4:9cea]:4001"
    },
    "status": 7,
    "code": 7
  }
}
[debug] [2026-03-24T17:09:32.953Z] Error: Failed to update function createCustomToken in region asia-northeast3
    at /opt/homebrew/lib/node_modules/firebase-tools/lib/deploy/functions/release/fabricator.js:52:11
    at process.processTicksAndRejections (node:internal/process/task_queues:105:5)
    at async Fabricator.updateV1Function (/opt/homebrew/lib/node_modules/firebase-tools/lib/deploy/functions/release/fabricator.js:352:32)
    at async Fabricator.updateEndpoint (/opt/homebrew/lib/node_modules/firebase-tools/lib/deploy/functions/release/fabricator.js:152:13)
    at async handle (/opt/homebrew/lib/node_modules/firebase-tools/lib/deploy/functions/release/fabricator.js:89:17)
[error] 
[error] Error: There was an error deploying functions
